[02-Jul-2018 17:24:43 PRC] PHP Warning:  include(/data/ecshop3.6utf8/source/ecshop/install/languages/en-us.php): failed to open stream: No such file or directory in /data/ecshop3.6utf8/source/ecshop/install/includes/lib_installer.php on line 413
[02-Jul-2018 17:24:43 PRC] PHP Warning:  include(): Failed opening '/data/ecshop3.6utf8/source/ecshop/install/languages/en-us.php' for inclusion (include_path='.:/usr/local/lib/php') in /data/ecshop3.6utf8/source/ecshop/install/includes/lib_installer.php on line 413
[02-Jul-2018 17:24:43 PRC] PHP Warning:  join(): Invalid arguments passed in /data/ecshop3.6utf8/source/ecshop/install/includes/lib_installer.php on line 448
[02-Jul-2018 17:25:21 PRC] PHP Warning:  include(/data/ecshop3.6utf8/source/ecshop/install/languages/en-us.php): failed to open stream: No such file or directory in /data/ecshop3.6utf8/source/ecshop/install/includes/lib_installer.php on line 413
[02-Jul-2018 17:25:21 PRC] PHP Warning:  include(): Failed opening '/data/ecshop3.6utf8/source/ecshop/install/languages/en-us.php' for inclusion (include_path='.:/usr/local/lib/php') in /data/ecshop3.6utf8/source/ecshop/install/includes/lib_installer.php on line 413
[02-Jul-2018 17:25:21 PRC] PHP Warning:  join(): Invalid arguments passed in /data/ecshop3.6utf8/source/ecshop/install/includes/lib_installer.php on line 448
[02-Jul-2018 17:27:55 PRC] PHP Warning:  include(/data/ecshop3.6utf8/source/ecshop/install/languages/en-us.php): failed to open stream: No such file or directory in /data/ecshop3.6utf8/source/ecshop/install/includes/lib_installer.php on line 413
[02-Jul-2018 17:27:55 PRC] PHP Warning:  include(): Failed opening '/data/ecshop3.6utf8/source/ecshop/install/languages/en-us.php' for inclusion (include_path='.:/usr/local/lib/php') in /data/ecshop3.6utf8/source/ecshop/install/includes/lib_installer.php on line 413
[02-Jul-2018 17:27:55 PRC] PHP Warning:  join(): Invalid arguments passed in /data/ecshop3.6utf8/source/ecshop/install/includes/lib_installer.php on line 448
[02-Jul-2018 17:32:31 PRC] OAuth error:https://openapi.ishopex.cn/api/platform/timestamp?client_id=eucgr5fe&sign_method=md5&sign_time=1530523940&sign=816CF1CC310B78EDDF5A178057977926 errorinfo:Resolving timed out after 10528 milliseconds
[02-Jul-2018 17:32:32 PRC] OAuth error:https://openapi.ishopex.cn/api/yunqiaccount/csm/adgetapi?client_id=eucgr5fe&sign_method=md5&sign_time=1530523951&sign=B930F2DB05E18283E2BC4D2261236404 errorinfo:Resolving timed out after 1520 milliseconds
[02-Jul-2018 17:32:43 PRC] OAuth error:https://openapi.ishopex.cn/api/platform/timestamp?client_id=eucgr5fe&sign_method=md5&sign_time=1530523952&sign=6DD7982418676F01647B5F9364ABE87D errorinfo:Resolving timed out after 10531 milliseconds
[02-Jul-2018 17:32:44 PRC] OAuth error:https://openapi.ishopex.cn/api/yunqiaccount/csm/adgetapi?client_id=eucgr5fe&sign_method=md5&sign_time=1530523963&sign=6FE39A7657D2217B684D03F100D3CA7C errorinfo:Resolving timed out after 1514 milliseconds
[02-Jul-2018 17:32:55 PRC] OAuth error:https://openapi.ishopex.cn/api/platform/timestamp?client_id=eucgr5fe&sign_method=md5&sign_time=1530523965&sign=288EC89CC410B2E5185B093307D92D7C errorinfo:Resolving timed out after 10540 milliseconds
[02-Jul-2018 17:32:57 PRC] OAuth error:https://openapi.ishopex.cn/api/yunqiaccount/csm/adgetapi?client_id=eucgr5fe&sign_method=md5&sign_time=1530523975&sign=BF8EA0A816333B3758F9665BEE750FBC errorinfo:Resolving timed out after 1514 milliseconds
[02-Jul-2018 17:33:07 PRC] OAuth error:https://openapi.ishopex.cn/api/platform/timestamp?client_id=eucgr5fe&sign_method=md5&sign_time=1530523977&sign=969722F47976E783BB2EE5B5B2DE79EC errorinfo:Resolving timed out after 10529 milliseconds
[02-Jul-2018 17:33:09 PRC] OAuth error:https://openapi.ishopex.cn/api/yunqiaccount/csm/adgetapi?client_id=eucgr5fe&sign_method=md5&sign_time=1530523987&sign=0B98558E2551F82BC021E8F8B0CC2FD3 errorinfo:Resolving timed out after 1519 milliseconds
[02-Jul-2018 17:33:10 PRC] OAuth error:https://openapi.ishopex.cn/api/platform/timestamp?client_id=eucgr5fe&sign_method=md5&sign_time=1530523980&sign=693BE91B2AD6B5DFAA3F5B501EDF2478 errorinfo:Resolving timed out after 10534 milliseconds
[02-Jul-2018 17:33:12 PRC] OAuth error:https://openapi.ishopex.cn/api/yunqiaccount/csm/adgetapi?client_id=eucgr5fe&sign_method=md5&sign_time=1530523990&sign=B5A0E563825174482DCAF623E29BA043 errorinfo:Resolving timed out after 1514 milliseconds
[02-Jul-2018 17:33:22 PRC] OAuth error:https://openapi.ishopex.cn/api/platform/timestamp?client_id=eucgr5fe&sign_method=md5&sign_time=1530523992&sign=D159A85550CAC8897686AF788D9CD42D errorinfo:Resolving timed out after 10534 milliseconds
[02-Jul-2018 17:33:24 PRC] OAuth error:https://openapi.ishopex.cn/api/yunqiaccount/csm/adgetapi?client_id=eucgr5fe&sign_method=md5&sign_time=1530524002&sign=AD29EB277B40CF77ECD74CCC6B2D5F52 errorinfo:Resolving timed out after 1514 milliseconds
[02-Jul-2018 17:33:35 PRC] OAuth error:https://openapi.ishopex.cn/api/platform/timestamp?client_id=eucgr5fe&sign_method=md5&sign_time=1530524004&sign=F1CF1A86A94CF31F4ACF7D907419F351 errorinfo:Resolving timed out after 10538 milliseconds
[02-Jul-2018 17:33:36 PRC] OAuth error:https://openapi.ishopex.cn/api/yunqiaccount/csm/adgetapi?client_id=eucgr5fe&sign_method=md5&sign_time=1530524015&sign=5299B64808643E1C29511A38C48A9275 errorinfo:Resolving timed out after 1520 milliseconds
[02-Jul-2018 17:33:47 PRC] OAuth error:https://openapi.ishopex.cn/api/platform/timestamp?client_id=eucgr5fe&sign_method=md5&sign_time=1530524016&sign=84CEA0B02E7078F606C28CFAF0342301 errorinfo:Resolving timed out after 10528 milliseconds
[02-Jul-2018 17:33:48 PRC] OAuth error:https://openapi.ishopex.cn/api/yunqiaccount/csm/adgetapi?client_id=eucgr5fe&sign_method=md5&sign_time=1530524027&sign=794D2EA773386A6CE8479E4B79F3CA3F errorinfo:Resolving timed out after 1513 milliseconds
[02-Jul-2018 17:33:59 PRC] OAuth error:https://openapi.ishopex.cn/api/platform/timestamp?client_id=eucgr5fe&sign_method=md5&sign_time=1530524028&sign=67AC0B3F570B17DAB85F0F20C2D5806D errorinfo:Resolving timed out after 10537 milliseconds
[02-Jul-2018 17:34:00 PRC] OAuth error:https://openapi.ishopex.cn/api/yunqiaccount/csm/adgetapi?client_id=eucgr5fe&sign_method=md5&sign_time=1530524039&sign=5229B6280F6432BE6C231433E8BF3FB1 errorinfo:Resolving timed out after 1514 milliseconds
[02-Jul-2018 17:34:11 PRC] OAuth error:https://openapi.ishopex.cn/api/platform/timestamp?client_id=eucgr5fe&sign_method=md5&sign_time=1530524040&sign=3781F12495081779DD2F3A12CDB76AEE errorinfo:Resolving timed out after 10528 milliseconds
[02-Jul-2018 17:34:12 PRC] OAuth error:https://openapi.ishopex.cn/api/yunqiaccount/csm/adgetapi?client_id=eucgr5fe&sign_method=md5&sign_time=1530524051&sign=B1405F855AABC1DC231AFA046A0CFE58 errorinfo:Resolving timed out after 1516 milliseconds
[02-Jul-2018 17:34:23 PRC] OAuth error:https://openapi.ishopex.cn/api/platform/timestamp?client_id=eucgr5fe&sign_method=md5&sign_time=1530524053&sign=2EC4FEE27222A15710CC5FA3251BA3D7 errorinfo:Resolving timed out after 10539 milliseconds
[02-Jul-2018 17:34:25 PRC] OAuth error:https://openapi.ishopex.cn/api/yunqiaccount/csm/adgetapi?client_id=eucgr5fe&sign_method=md5&sign_time=1530524063&sign=C97C6B60CD549DB67595DBE91049309D errorinfo:Resolving timed out after 1514 milliseconds
[02-Jul-2018 17:34:35 PRC] OAuth error:https://openapi.ishopex.cn/api/platform/timestamp?client_id=eucgr5fe&sign_method=md5&sign_time=1530524065&sign=18CBB66DB4D917D1524C3A087FE90EEA errorinfo:Resolving timed out after 10532 milliseconds
[02-Jul-2018 17:34:37 PRC] OAuth error:https://openapi.ishopex.cn/api/yunqiaccount/csm/adgetapi?client_id=eucgr5fe&sign_method=md5&sign_time=1530524075&sign=6B1AE1BC2A2015842A5EFE28B70ACD2E errorinfo:Resolving timed out after 1514 milliseconds
[02-Jul-2018 17:34:43 PRC] OAuth error:https://openapi.ishopex.cn/api/platform/timestamp?client_id=eucgr5fe&sign_method=md5&sign_time=1530524073&sign=881A688A20C57C17C5173640E5949DAB errorinfo:Resolving timed out after 10532 milliseconds
[02-Jul-2018 17:34:45 PRC] OAuth error:https://openapi.ishopex.cn/api/yunqiaccount/csm/adgetapi?client_id=eucgr5fe&sign_method=md5&sign_time=1530524083&sign=11936CF63AD2E43B083A1BBE43615C3C errorinfo:Resolving timed out after 1514 milliseconds
[02-Jul-2018 17:34:55 PRC] OAuth error:https://openapi.ishopex.cn/api/platform/timestamp?client_id=eucgr5fe&sign_method=md5&sign_time=1530524085&sign=911B192636667579205C896A354396A2 errorinfo:Resolving timed out after 10533 milliseconds
[02-Jul-2018 17:34:57 PRC] OAuth error:https://openapi.ishopex.cn/api/yunqiaccount/csm/adgetapi?client_id=eucgr5fe&sign_method=md5&sign_time=1530524095&sign=E72C144C3796FCF18DB466112C3F7F0F errorinfo:Resolving timed out after 1521 milliseconds
[02-Jul-2018 17:35:08 PRC] OAuth error:https://openapi.ishopex.cn/api/platform/timestamp?client_id=eucgr5fe&sign_method=md5&sign_time=1530524097&sign=DF85EEC420839EDF6E949611DF86FBA3 errorinfo:Resolving timed out after 10533 milliseconds
[02-Jul-2018 17:35:09 PRC] OAuth error:https://openapi.ishopex.cn/api/yunqiaccount/csm/adgetapi?client_id=eucgr5fe&sign_method=md5&sign_time=1530524108&sign=E53E260212452C4073FD5FF3901143D0 errorinfo:Resolving timed out after 1515 milliseconds
[02-Jul-2018 17:35:20 PRC] OAuth error:https://openapi.ishopex.cn/api/platform/timestamp?client_id=eucgr5fe&sign_method=md5&sign_time=1530524109&sign=B85FBF0F79ABC8123A8D0534B11F79B3 errorinfo:Resolving timed out after 10531 milliseconds
[02-Jul-2018 17:35:20 PRC] OAuth error:https://openapi.ishopex.cn/api/platform/timestamp?client_id=eucgr5fe&sign_method=md5&sign_time=1530524109&sign=B85FBF0F79ABC8123A8D0534B11F79B3 errorinfo:Resolving timed out after 10526 milliseconds
[02-Jul-2018 17:35:21 PRC] OAuth error:https://openapi.ishopex.cn/api/yunqiaccount/csm/adgetapi?client_id=eucgr5fe&sign_method=md5&sign_time=1530524120&sign=BD6C99FE09E034FFF70E7B47A85C07EA errorinfo:Resolving timed out after 1516 milliseconds
[02-Jul-2018 17:35:21 PRC] OAuth error:https://openapi.ishopex.cn/api/yunqiaccount/csm/adgetapi?client_id=eucgr5fe&sign_method=md5&sign_time=1530524120&sign=DC2D7D760CD6F1622E40459B397B03A5 errorinfo:Resolving timed out after 1515 milliseconds
[02-Jul-2018 17:35:32 PRC] OAuth error:https://openapi.ishopex.cn/api/platform/timestamp?client_id=eucgr5fe&sign_method=md5&sign_time=1530524121&sign=E944F33F6797BFB9C8DC0151FE4DE67D errorinfo:Resolving timed out after 10533 milliseconds
[02-Jul-2018 17:35:33 PRC] OAuth error:https://openapi.ishopex.cn/api/yunqiaccount/csm/adgetapi?client_id=eucgr5fe&sign_method=md5&sign_time=1530524132&sign=4FE0F12474FEC919685BA4EC93D31025 errorinfo:Resolving timed out after 1518 milliseconds
[02-Jul-2018 17:58:23 PRC] PHP Warning:  Invalid argument supplied for foreach() in /data/ecshop3.6utf8/source/ecshop/admin/index.php on line 771
[02-Jul-2018 17:58:32 PRC] PHP Warning:  file_get_contents(dataecshop3.6utf8sourceecshoph5/version.txt): failed to open stream: No such file or directory in /data/ecshop3.6utf8/source/ecshop/admin/index.php on line 1359
